gradle-build/app/intermediates/manifest_merge_blame_file/xiaomiRelease/manifest-merger-blame-xiaomi-release-report.txt
1<?xml version="1.0" encoding="utf-8"?>
2<manifest xmlns:android="http://schemas.android.com/apk/res/android"
3    package="com.fm.designstar"
4    android:versionCode="114"
5    android:versionName="1.1.4" >
6
7    <uses-sdk
7-->src/main/AndroidManifest.xml:454:5-1291
8        android:minSdkVersion="21"
8-->src/main/AndroidManifest.xml:454:5-1291
9        android:targetSdkVersion="29" />
9-->src/main/AndroidManifest.xml:454:5-1291
10    <!-- 小米 配置开始 < -->
11    <permission
11-->src/main/AndroidManifest.xml:395:5-397:47
12        android:name="com.fm.designstar.permission.MIPUSH_RECEIVE"
12-->src/main/AndroidManifest.xml:396:9-67
13        android:protectionLevel="signature" />
13-->src/main/AndroidManifest.xml:397:9-44
14    <permission
14-->src/main/AndroidManifest.xml:399:5-401:47
15        android:name="com.fm.designstar.permission.JPUSH_MESSAGE"
15-->src/main/AndroidManifest.xml:400:9-66
16        android:protectionLevel="signature" /> <!-- 小米 配置结束 < -->
16-->src/main/AndroidManifest.xml:401:9-44
17    <!-- 极光  Required -->
18    <queries>
18-->src/main/AndroidManifest.xml:403:5-407:15
19        <intent>
19-->src/main/AndroidManifest.xml:404:9-406:18
20            <action android:name="cn.jpush.android.intent.PushService" />
20-->src/main/AndroidManifest.xml:405:13-74
20-->src/main/AndroidManifest.xml:405:21-71
21        </intent>
22    </queries> <!-- 极光 Required -->
23    <uses-feature android:name="android.hardware.camera" />
23-->src/main/AndroidManifest.xml:408:5-60
23-->src/main/AndroidManifest.xml:408:19-57
24    <uses-feature android:name="android.hardware.camera.autofocus" /> <!-- oppo配置开始 < -->
24-->src/main/AndroidManifest.xml:409:5-70
24-->src/main/AndroidManifest.xml:409:19-67
25    <uses-permission android:name="com.fm.designstar.permission.MIPUSH_RECEIVE" />
25-->src/main/AndroidManifest.xml:410:5-83
25-->src/main/AndroidManifest.xml:410:22-80
26    <uses-permission android:name="com.fm.designstar.permission.JPUSH_MESSAGE" />
26-->src/main/AndroidManifest.xml:411:5-82
26-->src/main/AndroidManifest.xml:411:22-79
27    <uses-permission android:name="android.permission.RECEIVE_USER_PRESENT" />
27-->src/main/AndroidManifest.xml:412:5-79
27-->src/main/AndroidManifest.xml:412:22-76
28    <uses-permission android:name="com.coloros.mcs.permission.RECIEVE_MCS_MESSAGE" />
28-->src/main/AndroidManifest.xml:414:5-86
28-->src/main/AndroidManifest.xml:414:22-83
29    <uses-permission android:name="com.heytap.mcs.permission.RECIEVE_MCS_MESSAGE" /> <!-- 用于申请调用A-GPS模块 -->
29-->src/main/AndroidManifest.xml:415:5-85
29-->src/main/AndroidManifest.xml:415:22-82
30    <uses-permission android:name="android.permission.GET_TASKS" /> <!-- 用于申请获取蓝牙信息进行室内定位 -->
30-->src/main/AndroidManifest.xml:416:5-68
30-->src/main/AndroidManifest.xml:416:22-65
31    <uses-permission android:name="android.permission.CALL_PHONE" />
31-->src/main/AndroidManifest.xml:417:5-69
31-->src/main/AndroidManifest.xml:417:22-66
32    <uses-permission android:name="android.permission.INTERNET" />
32-->src/main/AndroidManifest.xml:418:5-67
32-->src/main/AndroidManifest.xml:418:22-64
33    <uses-permission android:name="android.permission.ACCESS_FINE_LOCATION" />
33-->src/main/AndroidManifest.xml:419:5-79
33-->src/main/AndroidManifest.xml:419:22-76
34    <uses-permission android:name="android.permission.ACCESS_WIFI_STATE" />
34-->src/main/AndroidManifest.xml:420:5-76
34-->src/main/AndroidManifest.xml:420:22-73
35    <uses-permission android:name="android.permission.ACCESS_NETWORK_STATE" />
35-->src/main/AndroidManifest.xml:421:5-79
35-->src/main/AndroidManifest.xml:421:22-76
36    <uses-permission android:name="android.permission.CHANGE_WIFI_STATE" />
36-->src/main/AndroidManifest.xml:422:5-76
36-->src/main/AndroidManifest.xml:422:22-73
37    <uses-permission android:name="android.permission.READ_PHONE_STATE" />
37-->src/main/AndroidManifest.xml:423:5-75
37-->src/main/AndroidManifest.xml:423:22-72
38    <uses-permission android:name="android.permission.READ_PRIVILEGED_PHONE_STATE" />
38-->src/main/AndroidManifest.xml:424:5-426:47
38-->src/main/AndroidManifest.xml:425:9-70
39    <uses-permission android:name="android.permission.WRITE_EXTERNAL_STORAGE" />
39-->src/main/AndroidManifest.xml:427:5-81
39-->src/main/AndroidManifest.xml:427:22-78
40    <uses-permission android:name="android.permission.READ_EXTERNAL_STORAGE" />
40-->src/main/AndroidManifest.xml:428:5-80
40-->src/main/AndroidManifest.xml:428:22-77
41    <uses-permission android:name="android.permission.CLEAR_APP_USER_DATA" />
41-->src/main/AndroidManifest.xml:429:5-431:47
41-->src/main/AndroidManifest.xml:430:9-62
42    <uses-permission android:name="android.permission.CAMERA" />
42-->src/main/AndroidManifest.xml:432:5-65
42-->src/main/AndroidManifest.xml:432:22-62
43    <uses-permission android:name="android.permission.WAKE_LOCK" />
43-->src/main/AndroidManifest.xml:433:5-68
43-->src/main/AndroidManifest.xml:433:22-65
44    <uses-permission android:name="android.permission.INTERACT_ACROSS_USERS_FULL" />
44-->src/main/AndroidManifest.xml:434:5-436:47
44-->src/main/AndroidManifest.xml:435:9-69
45    <uses-permission android:name="android.permission.MODIFY_AUDIO_SETTINGS" />
45-->src/main/AndroidManifest.xml:437:5-80
45-->src/main/AndroidManifest.xml:437:22-77
46    <uses-permission android:name="android.permission.READ_EXTERNAL_STORAGE" />
46-->src/main/AndroidManifest.xml:428:5-80
46-->src/main/AndroidManifest.xml:428:22-77
47    <uses-permission android:name="android.permission.WRITE_EXTERNAL_STORAGE" /> <!-- 自动更新URI跳转安装时需要 -->
47-->src/main/AndroidManifest.xml:427:5-81
47-->src/main/AndroidManifest.xml:427:22-78
48    <uses-permission android:name="android.permission.SYSTEM_ALERT_WINDOW" />
48-->src/main/AndroidManifest.xml:440:5-78
48-->src/main/AndroidManifest.xml:440:22-75
49    <uses-permission android:name="android.permission.REQUEST_INSTALL_PACKAGES" />
49-->src/main/AndroidManifest.xml:441:5-83
49-->src/main/AndroidManifest.xml:441:22-80
50    <uses-permission android:name="android.permission.MOUNT_UNMOUNT_FILESYSTEMS" />
50-->src/main/AndroidManifest.xml:442:5-444:47
50-->src/main/AndroidManifest.xml:443:9-68
51    <uses-permission android:name="android.permission.REQUEST_INSTALL_PACKAGES" />
51-->src/main/AndroidManifest.xml:441:5-83
51-->src/main/AndroidManifest.xml:441:22-80
52    <uses-permission android:name="android.permission.BLUETOOTH" /> <!-- Android Q后台定位权限 -->
52-->src/main/AndroidManifest.xml:446:5-68
52-->src/main/AndroidManifest.xml:446:22-65
53    <uses-permission android:name="android.permission.BLUETOOTH_ADMIN" /> <!-- Optional for location -->
53-->src/main/AndroidManifest.xml:447:5-74
53-->src/main/AndroidManifest.xml:447:22-71
54    <uses-permission android:name="android.permission.ACCESS_LOCATION_EXTRA_COMMANDS" />
54-->src/main/AndroidManifest.xml:448:5-89
54-->src/main/AndroidManifest.xml:448:22-86
55    <uses-permission android:name="android.permission.QUERY_ALL_PACKAGES" />
55-->src/main/AndroidManifest.xml:449:5-77
55-->src/main/AndroidManifest.xml:449:22-74
56    <uses-permission android:name="android.permission.VIBRATE" /> <!-- 用于开启 debug 版本的应用在6.0 系统上 层叠窗口权限 -->
56-->src/main/AndroidManifest.xml:450:5-66
56-->src/main/AndroidManifest.xml:450:22-63
57    <uses-permission android:name="android.permission.SYSTEM_ALERT_WINDOW" /> <!-- for androidR targetSdkVersion >=30 -->
57-->src/main/AndroidManifest.xml:440:5-78
57-->src/main/AndroidManifest.xml:440:22-75
58    <uses-permission android:name="android.permission.ACCESS_COARSE_LOCATION" />
58-->src/main/AndroidManifest.xml:452:5-81
58-->src/main/AndroidManifest.xml:452:22-78
59
60    <!-- 拍照等 -->
61    <uses-permission android:name="android.permission.WRITE_SETTINGS" /> <!-- 录音 -->
61-->[cn.rongcloud.sdk:im_kit:4.0.0.1] AndroidManifest.xml:19:5-73
61-->[cn.rongcloud.sdk:im_kit:4.0.0.1] AndroidManifest.xml:19:22-70
62    <uses-permission android:name="android.permission.RECORD_AUDIO" />
62-->[cn.rongcloud.sdk:im_kit:4.0.0.1] AndroidManifest.xml:26:5-71
62-->[cn.rongcloud.sdk:im_kit:4.0.0.1] AndroidManifest.xml:26:22-68
63
64    <uses-feature
64-->[:AliyunRecorder:record] AndroidManifest.xml:13:5-15:35
65        android:glEsVersion="0x00020000"
65-->[:AliyunRecorder:record] AndroidManifest.xml:14:9-41
66        android:required="true" /> <!-- 华为角标 -->
66-->[:AliyunRecorder:record] AndroidManifest.xml:15:9-32
67    <uses-permission android:name="com.huawei.android.launcher.permission.CHANGE_BADGE" />
67-->[cn.jiguang.sdk:jpush:3.6.8] AndroidManifest.xml:28:5-91
67-->[cn.jiguang.sdk:jpush:3.6.8] AndroidManifest.xml:28:22-88
68    <uses-permission android:name="android.permission.ACCESS_BACKGROUND_LOCATION" />
68-->[cn.jiguang.sdk:jpush:3.6.8] AndroidManifest.xml:36:5-85
68-->[cn.jiguang.sdk:jpush:3.6.8] AndroidManifest.xml:36:22-82
69    <uses-permission android:name="android.permission.CHANGE_NETWORK_STATE" /> <!-- 注意这里.permission.PASSBY_MSG是自身app的包名 + .permission.PROCESS_PUSH_MSG -->
69-->[cn.jiguang.sdk:jpush:3.6.8] AndroidManifest.xml:38:5-79
69-->[cn.jiguang.sdk:jpush:3.6.8] AndroidManifest.xml:38:22-76
70    <permission
70-->[com.huawei.hms:push:4.0.2.300] AndroidManifest.xml:10:5-12:55
71        android:name="com.fm.designstar.permission.PROCESS_PUSH_MSG"
71-->[com.huawei.hms:push:4.0.2.300] AndroidManifest.xml:11:9-68
72        android:protectionLevel="signatureOrSystem" />
72-->[com.huawei.hms:push:4.0.2.300] AndroidManifest.xml:12:9-52
73    <permission
73-->[com.huawei.hms:push:4.0.2.300] AndroidManifest.xml:13:5-15:55
74        android:name="com.fm.designstar.permission.PUSH_PROVIDER"
74-->[com.huawei.hms:push:4.0.2.300] AndroidManifest.xml:14:9-65
75        android:protectionLevel="signatureOrSystem" />
75-->[com.huawei.hms:push:4.0.2.300] AndroidManifest.xml:15:9-52
76    <permission
76-->[com.huawei.hms:push:4.0.2.300] AndroidManifest.xml:16:5-18:55
77        android:name="com.fm.designstar.permission.PUSH_WRITE_PROVIDER"
77-->[com.huawei.hms:push:4.0.2.300] AndroidManifest.xml:17:9-71
78        android:protectionLevel="signatureOrSystem" /> <!-- 注意这里.permission.PASSBY_MSG是自身app的包名 + .permission.PROCESS_PUSH_MSG -->
78-->[com.huawei.hms:push:4.0.2.300] AndroidManifest.xml:18:9-52
79    <uses-permission android:name="com.fm.designstar.permission.PROCESS_PUSH_MSG" />
79-->[com.huawei.hms:push:4.0.2.300] AndroidManifest.xml:20:5-84
79-->[com.huawei.hms:push:4.0.2.300] AndroidManifest.xml:20:22-81
80    <uses-permission android:name="com.fm.designstar.permission.PUSH_PROVIDER" /> <!-- 应用市场9.0版本必须使用该权限获取用户的服务地 -->
80-->[com.huawei.hms:push:4.0.2.300] AndroidManifest.xml:21:5-81
80-->[com.huawei.hms:push:4.0.2.300] AndroidManifest.xml:21:22-78
81    <uses-permission android:name="com.huawei.appmarket.service.commondata.permission.GET_COMMON_DATA" />
81-->[com.huawei.hms:base:4.0.2.300] AndroidManifest.xml:18:5-106
81-->[com.huawei.hms:base:4.0.2.300] AndroidManifest.xml:18:22-103
82
83    <application
84        android:name="com.fm.designstar.app.App"
84-->src/main/AndroidManifest.xml:7:9-32
85        android:allowBackup="true"
85-->src/main/AndroidManifest.xml:8:9-35
86        android:appComponentFactory="androidx.core.app.CoreComponentFactory"
86-->[androidx.core:core:1.5.0-alpha05] AndroidManifest.xml:24:18-86
87        android:icon="@mipmap/app_logo"
87-->src/main/AndroidManifest.xml:9:9-40
88        android:label="星说短视频"
88-->src/main/AndroidManifest.xml:10:9-36
89        android:largeHeap="true"
89-->src/main/AndroidManifest.xml:11:9-33
90        android:networkSecurityConfig="@xml/net"
90-->src/main/AndroidManifest.xml:12:9-49
91        android:requestLegacyExternalStorage="true"
91-->src/main/AndroidManifest.xml:13:9-52
92        android:roundIcon="@mipmap/app_logo"
92-->src/main/AndroidManifest.xml:14:9-45
93        android:supportsRtl="true"
93-->src/main/AndroidManifest.xml:15:9-35
94        android:theme="@style/AppTheme"
94-->src/main/AndroidManifest.xml:16:9-40
95        android:vmSafeMode="true" >
95-->src/main/AndroidManifest.xml:17:9-34
96        <activity
96-->src/main/AndroidManifest.xml:19:9-22:80
97            android:name="com.fm.designstar.views.main.activity.SearchActivity"
97-->src/main/AndroidManifest.xml:19:19-69
98            android:configChanges="orientation|keyboardHidden|locale"
98-->src/main/AndroidManifest.xml:20:13-70
99            android:screenOrientation="portrait"
99-->src/main/AndroidManifest.xml:21:13-49
100            android:windowSoftInputMode="stateVisible|adjustResize" />
100-->src/main/AndroidManifest.xml:22:13-68
101        <activity android:name="com.fm.designstar.views.mine.activity.ChoseDesignerTagsActivity" />
101-->src/main/AndroidManifest.xml:23:9-83
101-->src/main/AndroidManifest.xml:23:19-80
102        <activity android:name="com.fm.designstar.views.mine.activity.DesignerMangerDetailActivity" />
102-->src/main/AndroidManifest.xml:24:9-86
102-->src/main/AndroidManifest.xml:24:19-83
103        <activity android:name="com.fm.designstar.views.mine.activity.DesignerRecordActivity" />
103-->src/main/AndroidManifest.xml:25:9-80
103-->src/main/AndroidManifest.xml:25:19-77
104        <activity android:name="com.fm.designstar.views.Fabu.activity.EditVedioActivity" />
104-->src/main/AndroidManifest.xml:26:9-75
104-->src/main/AndroidManifest.xml:26:19-72
105        <activity android:name="com.fm.designstar.views.mine.activity.qsdActivity" />
105-->src/main/AndroidManifest.xml:27:9-69
105-->src/main/AndroidManifest.xml:27:19-66
106        <activity
106-->src/main/AndroidManifest.xml:28:9-30:55
107            android:name="com.fm.designstar.views.Detail.activity.VedioPlayActivity"
107-->src/main/AndroidManifest.xml:29:13-68
108            android:windowSoftInputMode="adjustPan" />
108-->src/main/AndroidManifest.xml:30:13-52
109        <activity
109-->src/main/AndroidManifest.xml:31:9-33:70
110            android:name="com.fm.designstar.views.Detail.activity.DTDetailsActivity"
110-->src/main/AndroidManifest.xml:32:13-68
111            android:windowSoftInputMode="adjustResize|stateHidden" />
111-->src/main/AndroidManifest.xml:33:13-67
112        <activity android:name="com.fm.designstar.views.Fabu.activity.ChoseTagActivity" />
112-->src/main/AndroidManifest.xml:34:9-74
112-->src/main/AndroidManifest.xml:34:19-71
113        <activity android:name="com.fm.designstar.views.Fabu.activity.ChoseScrollTagActivity" />
113-->src/main/AndroidManifest.xml:35:9-80
113-->src/main/AndroidManifest.xml:35:19-77
114        <activity android:name="com.fm.designstar.views.Fabu.FabuActivity" />
114-->src/main/AndroidManifest.xml:36:9-61
114-->src/main/AndroidManifest.xml:36:19-58
115        <activity
115-->src/main/AndroidManifest.xml:37:9-53:20
116            android:name="com.fm.designstar.views.main.activity.ConversationActivity"
116-->src/main/AndroidManifest.xml:38:13-69
117            android:configChanges="orientation|screenSize"
117-->src/main/AndroidManifest.xml:39:13-59
118            android:launchMode="singleTop"
118-->src/main/AndroidManifest.xml:40:13-43
119            android:screenOrientation="portrait"
119-->src/main/AndroidManifest.xml:41:13-49
120            android:windowSoftInputMode="stateHidden|adjustResize" >
120-->src/main/AndroidManifest.xml:42:13-67
121            <intent-filter>
121-->src/main/AndroidManifest.xml:43:13-52:29
122                <action android:name="android.intent.action.VIEW" />
122-->src/main/AndroidManifest.xml:44:17-69
122-->src/main/AndroidManifest.xml:44:25-66
123
124                <category android:name="android.intent.category.DEFAULT" />
124-->src/main/AndroidManifest.xml:46:17-76
124-->src/main/AndroidManifest.xml:46:27-73
125
126                <data
126-->src/main/AndroidManifest.xml:48:17-51:45
127                    android:host="com.fm.designstar"
127-->src/main/AndroidManifest.xml:49:21-53
128                    android:pathPrefix="/conversation/"
128-->src/main/AndroidManifest.xml:50:21-56
129                    android:scheme="rong" />
129-->src/main/AndroidManifest.xml:51:21-42
130            </intent-filter>
131        </activity>
132        <activity
132-->src/main/AndroidManifest.xml:54:9-69:20
133            android:name="com.fm.designstar.views.main.activity.ConversationListActivity"
133-->src/main/AndroidManifest.xml:55:13-73
134            android:launchMode="singleTask"
134-->src/main/AndroidManifest.xml:56:13-44
135            android:screenOrientation="portrait"
135-->src/main/AndroidManifest.xml:57:13-49
136            android:windowSoftInputMode="stateHidden|adjustResize" >
136-->src/main/AndroidManifest.xml:58:13-67
137            <intent-filter>
137-->src/main/AndroidManifest.xml:59:13-68:29
138                <action android:name="android.intent.action.VIEW" />
138-->src/main/AndroidManifest.xml:44:17-69
138-->src/main/AndroidManifest.xml:44:25-66
139
140                <category android:name="android.intent.category.DEFAULT" />
140-->src/main/AndroidManifest.xml:46:17-76
140-->src/main/AndroidManifest.xml:46:27-73
141
142                <data
142-->src/main/AndroidManifest.xml:48:17-51:45
143                    android:host="com.fm.designstar"
143-->src/main/AndroidManifest.xml:49:21-53
144                    android:pathPrefix="/conversationlist"
144-->src/main/AndroidManifest.xml:50:21-56
145                    android:scheme="rong" />
145-->src/main/AndroidManifest.xml:51:21-42
146            </intent-filter>
147        </activity>
148        <activity android:name="com.fm.designstar.views.mine.activity.ChangInfoActivity" />
148-->src/main/AndroidManifest.xml:70:9-75
148-->src/main/AndroidManifest.xml:70:19-72
149        <activity android:name="com.fm.designstar.views.mine.activity.ShDesignerActivity" />
149-->src/main/AndroidManifest.xml:71:9-76
149-->src/main/AndroidManifest.xml:71:19-73
150        <activity android:name="com.fm.designstar.views.mine.activity.DesignerMangerActivity" />
150-->src/main/AndroidManifest.xml:72:9-80
150-->src/main/AndroidManifest.xml:72:19-77
151        <activity android:name="com.fm.designstar.views.mine.activity.BeDesignerActivity" />
151-->src/main/AndroidManifest.xml:73:9-76
151-->src/main/AndroidManifest.xml:73:19-73
152        <activity android:name="com.fm.designstar.views.mine.activity.MyActivitysActivity" />
152-->src/main/AndroidManifest.xml:74:9-77
152-->src/main/AndroidManifest.xml:74:19-74
153        <activity android:name="com.fm.designstar.views.mine.activity.MyWorkActivity" />
153-->src/main/AndroidManifest.xml:75:9-72
153-->src/main/AndroidManifest.xml:75:19-69
154        <activity android:name="com.fm.designstar.views.mine.activity.BlackListActivity" />
154-->src/main/AndroidManifest.xml:76:9-75
154-->src/main/AndroidManifest.xml:76:19-72
155        <activity android:name="com.fm.designstar.views.mine.activity.FansListActivity" />
155-->src/main/AndroidManifest.xml:77:9-74
155-->src/main/AndroidManifest.xml:77:19-71
156        <activity android:name="com.fm.designstar.views.mine.activity.MyLikesListActivity" />
156-->src/main/AndroidManifest.xml:78:9-77
156-->src/main/AndroidManifest.xml:78:19-74
157        <activity android:name="com.fm.designstar.views.mine.activity.SettingActivity" />
157-->src/main/AndroidManifest.xml:79:9-73
157-->src/main/AndroidManifest.xml:79:19-70
158        <activity android:name="com.fm.designstar.views.login.activitys.ComUserInfoActivity" />
158-->src/main/AndroidManifest.xml:80:9-79
158-->src/main/AndroidManifest.xml:80:19-76
159        <activity android:name="com.fm.designstar.views.login.activitys.PwdActivity" />
159-->src/main/AndroidManifest.xml:81:9-71
159-->src/main/AndroidManifest.xml:81:19-68
160        <activity android:name="com.fm.designstar.views.login.activitys.MsgCodeActivity" />
160-->src/main/AndroidManifest.xml:82:9-75
160-->src/main/AndroidManifest.xml:82:19-72
161        <activity android:name="com.fm.designstar.views.login.activitys.ForgetActivity" />
161-->src/main/AndroidManifest.xml:83:9-74
161-->src/main/AndroidManifest.xml:83:19-71
162        <activity android:name="com.fm.designstar.views.login.activitys.RegisteredActivity" />
162-->src/main/AndroidManifest.xml:84:9-78
162-->src/main/AndroidManifest.xml:84:19-75
163        <activity android:name="com.fm.designstar.widget.imagePicker.activity.VideoPreviewActivity" />
163-->src/main/AndroidManifest.xml:85:9-86
163-->src/main/AndroidManifest.xml:85:19-83
164        <activity android:name="com.fm.designstar.views.main.activity.FeedbackActivity" />
164-->src/main/AndroidManifest.xml:86:9-74
164-->src/main/AndroidManifest.xml:86:19-71
165        <activity
165-->src/main/AndroidManifest.xml:87:9-89:46
166            android:name="com.fm.designstar.views.login.activitys.LoginActivity"
166-->src/main/AndroidManifest.xml:88:13-64
167            android:launchMode="singleTop" />
167-->src/main/AndroidManifest.xml:89:13-43
168        <activity
168-->src/main/AndroidManifest.xml:90:9-92:46
169            android:name="com.fm.designstar.views.main.activity.WebActivity"
169-->src/main/AndroidManifest.xml:91:13-60
170            android:launchMode="singleTop" />
170-->src/main/AndroidManifest.xml:92:13-43
171        <activity
171-->src/main/AndroidManifest.xml:93:9-106:20
172            android:name="com.fm.designstar.views.main.activity.MainActivity"
172-->src/main/AndroidManifest.xml:94:13-61
173            android:configChanges="orientation|screenSize|keyboardHidden"
173-->src/main/AndroidManifest.xml:95:13-74
174            android:launchMode="singleTask"
174-->src/main/AndroidManifest.xml:96:13-44
175            android:screenOrientation="portrait" >
175-->src/main/AndroidManifest.xml:97:13-49
176            <intent-filter>
176-->src/main/AndroidManifest.xml:98:13-105:29
177                <action android:name="android.intent.action.VIEW" />
177-->src/main/AndroidManifest.xml:44:17-69
177-->src/main/AndroidManifest.xml:44:25-66
178
179                <category android:name="android.intent.category.BROWSABLE" />
179-->src/main/AndroidManifest.xml:101:17-78
179-->src/main/AndroidManifest.xml:101:27-75
180                <category android:name="android.intent.category.DEFAULT" />
180-->src/main/AndroidManifest.xml:46:17-76
180-->src/main/AndroidManifest.xml:46:27-73
181
182                <data android:scheme="designstar" />
182-->src/main/AndroidManifest.xml:48:17-51:45
182-->src/main/AndroidManifest.xml:51:21-42
183            </intent-filter>
184        </activity>
185        <activity android:name="com.fm.designstar.map.Selectaddress" />
185-->src/main/AndroidManifest.xml:107:9-55
185-->src/main/AndroidManifest.xml:107:19-52
186        <activity android:name="com.fm.designstar.views.mine.activity.InfoDetailActivity" />
186-->src/main/AndroidManifest.xml:108:9-76
186-->src/main/AndroidManifest.xml:108:19-73
187        <activity
187-->src/main/AndroidManifest.xml:109:9-118:20
188            android:name="com.fm.designstar.views.main.activity.SplashActivity"
188-->src/main/AndroidManifest.xml:110:13-63
189            android:screenOrientation="portrait"
189-->src/main/AndroidManifest.xml:111:13-49
190            android:theme="@style/AppTheme.Launcher" >
190-->src/main/AndroidManifest.xml:112:13-53
191            <intent-filter>
191-->src/main/AndroidManifest.xml:113:13-117:29
192                <action android:name="android.intent.action.MAIN" />
192-->src/main/AndroidManifest.xml:114:17-69
192-->src/main/AndroidManifest.xml:114:25-66
193
194                <category android:name="android.intent.category.LAUNCHER" />
194-->src/main/AndroidManifest.xml:116:17-77
194-->src/main/AndroidManifest.xml:116:27-74
195            </intent-filter>
196        </activity>
197        <activity
197-->src/main/AndroidManifest.xml:119:9-121:52
198            android:name="com.fm.designstar.widget.imagePicker.activity.ImagePickerActivity"
198-->src/main/AndroidManifest.xml:120:13-76
199            android:screenOrientation="portrait" />
199-->src/main/AndroidManifest.xml:121:13-49
200        <activity android:name="com.fm.designstar.photo.ShowPictureActivity" />
200-->src/main/AndroidManifest.xml:122:9-63
200-->src/main/AndroidManifest.xml:122:19-60
201        <activity
201-->src/main/AndroidManifest.xml:123:9-125:52
202            android:name="com.fm.designstar.widget.imagePicker.activity.ImagePreActivity"
202-->src/main/AndroidManifest.xml:124:13-73
203            android:screenOrientation="portrait" /> <!-- Required since 高地地图 -->
203-->src/main/AndroidManifest.xml:125:13-49
204        <activity
204-->src/main/AndroidManifest.xml:126:9-130:75
205            android:name="com.vivo.push.sdk.LinkProxyClientActivity"
205-->src/main/AndroidManifest.xml:127:13-69
206            android:exported="false"
206-->src/main/AndroidManifest.xml:128:13-37
207            android:screenOrientation="portrait"
207-->src/main/AndroidManifest.xml:129:13-49
208            android:theme="@android:style/Theme.Translucent.NoTitleBar" /> <!-- 图片列表Activity -->
208-->src/main/AndroidManifest.xml:130:13-72
209        <meta-data
209-->src/main/AndroidManifest.xml:131:9-133:64
210            android:name="com.amap.api.v2.apikey"
210-->src/main/AndroidManifest.xml:132:13-50
211            android:value="499468ee45bbd3fb6721ac736b1b36c1" /> <!-- 大图预览Activity -->
211-->src/main/AndroidManifest.xml:133:13-61
212        <meta-data
212-->src/main/AndroidManifest.xml:134:9-136:64
213            android:name="com.vivo.push.api_key"
213-->src/main/AndroidManifest.xml:135:13-49
214            android:value="dc69fa90c7e28282fceed994713079e0" />
214-->src/main/AndroidManifest.xml:136:13-61
215        <meta-data
215-->src/main/AndroidManifest.xml:137:9-139:41
216            android:name="com.vivo.push.app_id"
216-->src/main/AndroidManifest.xml:138:13-48
217            android:value="104372219" /> <!-- Required since 3.0.7 -->
217-->src/main/AndroidManifest.xml:139:13-38
218        <!-- 新的 tag/alias 接口结果返回需要开发者配置一个自定的广播 -->
219        <!-- 3.3.0开始所有事件将通过该类回调 -->
220        <!-- 该广播需要继承 JPush 提供的 JPushMessageReceiver 类, 并如下新增一个 Intent-Filter -->
221        <!-- Required SDK 核心功能 -->
222        <!-- 可配置android:process参数将PushService放在其他进程中 -->
223        <meta-data
223-->src/main/AndroidManifest.xml:145:9-147:48
224            android:name="XIAOMI_APPKEY"
224-->src/main/AndroidManifest.xml:146:13-41
225            android:value="MI-5781861954068" /> <!-- Required SDK核心功能 -->
225-->src/main/AndroidManifest.xml:147:13-45
226        <meta-data
226-->src/main/AndroidManifest.xml:148:9-150:54
227            android:name="XIAOMI_APPID"
227-->src/main/AndroidManifest.xml:149:13-40
228            android:value="MI-2882303761518619068" />
228-->src/main/AndroidManifest.xml:150:13-51
229        <meta-data
229-->src/main/AndroidManifest.xml:151:9-153:68
230            android:name="OPPO_APPKEY"
230-->src/main/AndroidManifest.xml:152:13-39
231            android:value="OP-O64bfa1ce65564162b667aaec850f6a57" />
231-->src/main/AndroidManifest.xml:153:13-65
232        <meta-data
232-->src/main/AndroidManifest.xml:154:9-156:43
233            android:name="OPPO_APPID"
233-->src/main/AndroidManifest.xml:155:13-38
234            android:value="OP-30331293" /> <!-- 这个是自定义Service，要继承极光JCommonService，可以在更多手机平台上使得推送通道保持的更稳定 -->
234-->src/main/AndroidManifest.xml:156:13-40
235        <meta-data
235-->src/main/AndroidManifest.xml:157:9-159:67
236            android:name="OPPO_APPSECRET"
236-->src/main/AndroidManifest.xml:158:13-42
237            android:value="OP-0f8d83148be542d6871d8ba92b96d5b5" /> <!-- 融云 Required -->
237-->src/main/AndroidManifest.xml:159:13-64
238        <provider
239            android:name="com.fm.designstar.app.MyProvider"
239-->src/main/AndroidManifest.xml:161:13-43
240            android:authorities="com.fm.designstar.fileProvider"
240-->src/main/AndroidManifest.xml:162:13-64
241            android:exported="false"
241-->src/main/AndroidManifest.xml:163:13-37
242            android:grantUriPermissions="true" >
242-->src/main/AndroidManifest.xml:164:13-47
243            <meta-data
243-->src/main/AndroidManifest.xml:165:13-167:53
244                android:name="android.support.FILE_PROVIDER_PATHS"
244-->src/main/AndroidManifest.xml:166:17-67
245                android:resource="@xml/file_path" />
245-->src/main/AndroidManifest.xml:167:17-50
246        </provider> <!-- huawei开始 -->
247        <provider
248            android:name="com.fm.designstar.widget.imagePicker.provider.ImagePickerProvider"
248-->src/main/AndroidManifest.xml:170:13-76
249            android:authorities="com.fm.designstar.provider"
249-->src/main/AndroidManifest.xml:171:13-60
250            android:exported="false"
250-->src/main/AndroidManifest.xml:172:13-37
251            android:grantUriPermissions="true" >
251-->src/main/AndroidManifest.xml:173:13-47
252            <meta-data
252-->src/main/AndroidManifest.xml:165:13-167:53
253                android:name="android.support.FILE_PROVIDER_PATHS"
253-->src/main/AndroidManifest.xml:166:17-67
254                android:resource="@xml/file_path" />
254-->src/main/AndroidManifest.xml:167:17-50
255        </provider>
256
257        <receiver
257-->src/main/AndroidManifest.xml:178:9-196:20
258            android:name="cn.jpush.android.service.PushReceiver"
258-->src/main/AndroidManifest.xml:179:13-65
259            android:enabled="true" >
259-->src/main/AndroidManifest.xml:180:13-35
260            <intent-filter android:priority="1000" >
260-->src/main/AndroidManifest.xml:181:13-184:29
260-->src/main/AndroidManifest.xml:181:28-51
261                <action android:name="cn.jpush.android.intent.NOTIFICATION_RECEIVED_PROXY" /> <!-- Required  显示通知栏 -->
261-->src/main/AndroidManifest.xml:182:17-94
261-->src/main/AndroidManifest.xml:182:25-91
262                <category android:name="com.fm.designstar" />
262-->src/main/AndroidManifest.xml:183:17-62
262-->src/main/AndroidManifest.xml:183:27-59
263            </intent-filter>
264            <intent-filter>
264-->src/main/AndroidManifest.xml:185:13-188:29
265                <action android:name="android.intent.action.USER_PRESENT" />